[25-Feb-2021 19:38:44 UTC] PHP Parse error:  syntax error, unexpected '}', expecting ',' or ';' in C:\Users\Rede Parcerias\Local Sites\fictional-university\app\public\wp-content\themes\fictional-university-theme\index.php on line 4
[25-Feb-2021 19:40:04 UTC] PHP Parse error:  syntax error, unexpected ''<p>2+2</p>;' (T_ENCAPSED_AND_WHITESPACE) in C:\Users\Rede Parcerias\Local Sites\fictional-university\app\public\wp-content\themes\fictional-university-theme\index.php on line 3
[25-Feb-2021 19:40:05 UTC] PHP Parse error:  syntax error, unexpected ''<p>2+2</p>;' (T_ENCAPSED_AND_WHITESPACE) in C:\Users\Rede Parcerias\Local Sites\fictional-university\app\public\wp-content\themes\fictional-university-theme\index.php on line 3
[25-Feb-2021 19:41:46 UTC] PHP Fatal error:  Uncaught ArgumentCountError: Too few arguments to function greet(), 1 passed in C:\Users\Rede Parcerias\Local Sites\fictional-university\app\public\wp-content\themes\fictional-university-theme\index.php on line 6 and exactly 2 expected in C:\Users\Rede Parcerias\Local Sites\fictional-university\app\public\wp-content\themes\fictional-university-theme\index.php:2
Stack trace:
#0 C:\Users\Rede Parcerias\Local Sites\fictional-university\app\public\wp-content\themes\fictional-university-theme\index.php(6): greet('Thaina')
#1 C:\Users\Rede Parcerias\Local Sites\fictional-university\app\public\wp-includes\template-loader.php(106): include('C:\\Users\\Rede P...')
#2 C:\Users\Rede Parcerias\Local Sites\fictional-university\app\public\wp-blog-header.php(19): require_once('C:\\Users\\Rede P...')
#3 C:\Users\Rede Parcerias\Local Sites\fictional-university\app\public\index.php(17): require('C:\\Users\\Rede P...')
#4 {main}
  thrown in C:\Users\Rede Parcerias\Local Sites\fictional-university\app\public\wp-content\themes\fictional-university-theme\index.php on line 2
[25-Feb-2021 19:41:57 UTC] PHP Fatal error:  Uncaught ArgumentCountError: Too few arguments to function greet(), 1 passed in C:\Users\Rede Parcerias\Local Sites\fictional-university\app\public\wp-content\themes\fictional-university-theme\index.php on line 6 and exactly 2 expected in C:\Users\Rede Parcerias\Local Sites\fictional-university\app\public\wp-content\themes\fictional-university-theme\index.php:2
Stack trace:
#0 C:\Users\Rede Parcerias\Local Sites\fictional-university\app\public\wp-content\themes\fictional-university-theme\index.php(6): greet('Thaina')
#1 C:\Users\Rede Parcerias\Local Sites\fictional-university\app\public\wp-includes\template-loader.php(106): include('C:\\Users\\Rede P...')
#2 C:\Users\Rede Parcerias\Local Sites\fictional-university\app\public\wp-blog-header.php(19): require_once('C:\\Users\\Rede P...')
#3 C:\Users\Rede Parcerias\Local Sites\fictional-university\app\public\index.php(17): require('C:\\Users\\Rede P...')
#4 {main}
  thrown in C:\Users\Rede Parcerias\Local Sites\fictional-university\app\public\wp-content\themes\fictional-university-theme\index.php on line 2
[25-Feb-2021 19:41:59 UTC] PHP Fatal error:  Uncaught ArgumentCountError: Too few arguments to function greet(), 1 passed in C:\Users\Rede Parcerias\Local Sites\fictional-university\app\public\wp-content\themes\fictional-university-theme\index.php on line 6 and exactly 2 expected in C:\Users\Rede Parcerias\Local Sites\fictional-university\app\public\wp-content\themes\fictional-university-theme\index.php:2
Stack trace:
#0 C:\Users\Rede Parcerias\Local Sites\fictional-university\app\public\wp-content\themes\fictional-university-theme\index.php(6): greet('Thaina')
#1 C:\Users\Rede Parcerias\Local Sites\fictional-university\app\public\wp-includes\template-loader.php(106): include('C:\\Users\\Rede P...')
#2 C:\Users\Rede Parcerias\Local Sites\fictional-university\app\public\wp-blog-header.php(19): require_once('C:\\Users\\Rede P...')
#3 C:\Users\Rede Parcerias\Local Sites\fictional-university\app\public\index.php(17): require('C:\\Users\\Rede P...')
#4 {main}
  thrown in C:\Users\Rede Parcerias\Local Sites\fictional-university\app\public\wp-content\themes\fictional-university-theme\index.php on line 2
[25-Feb-2021 19:53:29 UTC] PHP Parse error:  syntax error, unexpected '$count' (T_VARIABLE), expecting ',' or ';' in C:\Users\Rede Parcerias\Local Sites\fictional-university\app\public\wp-content\themes\fictional-university-theme\index.php on line 6
[28-Feb-2021 15:55:07 UTC] PHP Parse error:  syntax error, unexpected 'wp_enqueue_style' (T_STRING) in C:\Users\Rede Parcerias\Local Sites\fictional-university\app\public\wp-content\themes\fictional-university-theme\functions.php on line 5
[28-Feb-2021 15:55:08 UTC] PHP Parse error:  syntax error, unexpected 'wp_enqueue_style' (T_STRING) in C:\Users\Rede Parcerias\Local Sites\fictional-university\app\public\wp-content\themes\fictional-university-theme\functions.php on line 5
[28-Feb-2021 15:55:10 UTC] PHP Parse error:  syntax error, unexpected 'wp_enqueue_style' (T_STRING) in C:\Users\Rede Parcerias\Local Sites\fictional-university\app\public\wp-content\themes\fictional-university-theme\functions.php on line 5
[28-Feb-2021 15:55:10 UTC] PHP Parse error:  syntax error, unexpected 'wp_enqueue_style' (T_STRING) in C:\Users\Rede Parcerias\Local Sites\fictional-university\app\public\wp-content\themes\fictional-university-theme\functions.php on line 5
[28-Feb-2021 16:01:21 UTC] PHP Parse error:  syntax error, unexpected ')', expecting ',' or ';' in C:\Users\Rede Parcerias\Local Sites\fictional-university\app\public\wp-content\themes\fictional-university-theme\index.php on line 4
[28-Feb-2021 16:30:41 UTC] PHP Warning:  call_user_func_array() expects parameter 1 to be a valid callback, function 'university_features' not found or invalid function name in C:\Users\Rede Parcerias\Local Sites\fictional-university\app\public\wp-includes\class-wp-hook.php on line 287
[28-Feb-2021 16:30:41 UTC] PHP Stack trace:
[28-Feb-2021 16:30:41 UTC] PHP   1. {main}() C:\Users\Rede Parcerias\Local Sites\fictional-university\app\public\wp-admin\admin-ajax.php:0
[28-Feb-2021 16:30:41 UTC] PHP   2. require_once() C:\Users\Rede Parcerias\Local Sites\fictional-university\app\public\wp-admin\admin-ajax.php:22
[28-Feb-2021 16:30:41 UTC] PHP   3. require_once() C:\Users\Rede Parcerias\Local Sites\fictional-university\app\public\wp-load.php:37
[28-Feb-2021 16:30:41 UTC] PHP   4. require_once() C:\Users\Rede Parcerias\Local Sites\fictional-university\app\public\wp-config.php:77
[28-Feb-2021 16:30:41 UTC] PHP   5. do_action() C:\Users\Rede Parcerias\Local Sites\fictional-university\app\public\wp-settings.php:535
[28-Feb-2021 16:30:41 UTC] PHP   6. WP_Hook->do_action() C:\Users\Rede Parcerias\Local Sites\fictional-university\app\public\wp-includes\plugin.php:484
[28-Feb-2021 16:30:41 UTC] PHP   7. WP_Hook->apply_filters() C:\Users\Rede Parcerias\Local Sites\fictional-university\app\public\wp-includes\class-wp-hook.php:311
[28-Feb-2021 16:33:18 UTC] PHP Parse error:  syntax error, unexpected '/' in C:\Users\Rede Parcerias\Local Sites\fictional-university\app\public\wp-content\themes\fictional-university-theme\header.php on line 17
[28-Feb-2021 16:49:25 UTC] PHP Warning:  Use of undefined constant wp_get_post_parent_id - assumed 'wp_get_post_parent_id' (this will throw an Error in a future version of PHP) in C:\Users\Rede Parcerias\Local Sites\fictional-university\app\public\wp-content\themes\fictional-university-theme\page.php on line 17
[28-Feb-2021 16:49:25 UTC] PHP Stack trace:
[28-Feb-2021 16:49:25 UTC] PHP   1. {main}() C:\Users\Rede Parcerias\Local Sites\fictional-university\app\public\index.php:0
[28-Feb-2021 16:49:25 UTC] PHP   2. require() C:\Users\Rede Parcerias\Local Sites\fictional-university\app\public\index.php:17
[28-Feb-2021 16:49:25 UTC] PHP   3. require_once() C:\Users\Rede Parcerias\Local Sites\fictional-university\app\public\wp-blog-header.php:19
[28-Feb-2021 16:49:25 UTC] PHP   4. include() C:\Users\Rede Parcerias\Local Sites\fictional-university\app\public\wp-includes\template-loader.php:106
[28-Feb-2021 16:49:36 UTC] PHP Warning:  Use of undefined constant wp_get_post_parent_id - assumed 'wp_get_post_parent_id' (this will throw an Error in a future version of PHP) in C:\Users\Rede Parcerias\Local Sites\fictional-university\app\public\wp-content\themes\fictional-university-theme\page.php on line 17
[28-Feb-2021 16:49:36 UTC] PHP Stack trace:
[28-Feb-2021 16:49:36 UTC] PHP   1. {main}() C:\Users\Rede Parcerias\Local Sites\fictional-university\app\public\index.php:0
[28-Feb-2021 16:49:36 UTC] PHP   2. require() C:\Users\Rede Parcerias\Local Sites\fictional-university\app\public\index.php:17
[28-Feb-2021 16:49:36 UTC] PHP   3. require_once() C:\Users\Rede Parcerias\Local Sites\fictional-university\app\public\wp-blog-header.php:19
[28-Feb-2021 16:49:36 UTC] PHP   4. include() C:\Users\Rede Parcerias\Local Sites\fictional-university\app\public\wp-includes\template-loader.php:106
[28-Feb-2021 16:50:00 UTC] PHP Fatal error:  Uncaught ArgumentCountError: Too few arguments to function wp_get_post_parent_id(), 0 passed in C:\Users\Rede Parcerias\Local Sites\fictional-university\app\public\wp-content\themes\fictional-university-theme\page.php on line 17 and exactly 1 expected in C:\Users\Rede Parcerias\Local Sites\fictional-university\app\public\wp-includes\post.php:7214
Stack trace:
#0 C:\Users\Rede Parcerias\Local Sites\fictional-university\app\public\wp-content\themes\fictional-university-theme\page.php(17): wp_get_post_parent_id()
#1 C:\Users\Rede Parcerias\Local Sites\fictional-university\app\public\wp-includes\template-loader.php(106): include('C:\\Users\\Rede P...')
#2 C:\Users\Rede Parcerias\Local Sites\fictional-university\app\public\wp-blog-header.php(19): require_once('C:\\Users\\Rede P...')
#3 C:\Users\Rede Parcerias\Local Sites\fictional-university\app\public\index.php(17): require('C:\\Users\\Rede P...')
#4 {main}
  thrown in C:\Users\Rede Parcerias\Local Sites\fictional-university\app\public\wp-includes\post.php on line 7214
[28-Feb-2021 16:51:38 UTC] PHP Parse error:  syntax error, unexpected '}' in C:\Users\Rede Parcerias\Local Sites\fictional-university\app\public\wp-content\themes\fictional-university-theme\page.php on line 21
[28-Feb-2021 17:19:28 UTC] PHP Parse error:  syntax error, unexpected '}' in C:\Users\Rede Parcerias\Local Sites\fictional-university\app\public\wp-content\themes\fictional-university-theme\page.php on line 32
[28-Feb-2021 17:23:59 UTC] PHP Parse error:  syntax error, unexpected '}' in C:\Users\Rede Parcerias\Local Sites\fictional-university\app\public\wp-content\themes\fictional-university-theme\page.php on line 47
[28-Feb-2021 17:25:33 UTC] PHP Parse error:  syntax error, unexpected '}' in C:\Users\Rede Parcerias\Local Sites\fictional-university\app\public\wp-content\themes\fictional-university-theme\page.php on line 47
